<?xml version="1.0" encoding="UTF-8"?>
<!-- Generated by org.testng.reporters.JUnitReportReporter -->
<testsuite hostname="RomanVk" failures="0" tests="1" name="TestCase_pkg.Post_Testcase" time="4.324" errors="0" timestamp="2023-05-28T15:53:06 IST" skipped="0">
  <testcase classname="TestCase_pkg.Post_Testcase" name="post_Executor" time="4.324"/>
  <system-out/>
</testsuite> <!-- TestCase_pkg.Post_Testcase -->
